<?xml version="1.0" encoding="UTF-8"?>
<!-- Generated by org.testng.reporters.JUnitReportReporter -->
<testsuite hostname="LAPTOP-FQ5SNIHA" failures="0" tests="1" name="com.test.spaceX.APITest" time="0.002" errors="0" timestamp="11 Jun 2021 18:13:38 GMT" skipped="0">
  <testcase classname="com.test.spaceX.APITest" name="f" time="0.002"/>
</testsuite> <!-- com.test.spaceX.APITest -->
